mode: set
github.com/runfinch/finch/e2e/e2e.go:52.45,54.16 2 1
github.com/runfinch/finch/e2e/e2e.go:54.16,56.3 1 0
github.com/runfinch/finch/e2e/e2e.go:58.2,59.16 2 1
github.com/runfinch/finch/e2e/e2e.go:59.16,61.3 1 0
github.com/runfinch/finch/e2e/e2e.go:63.2,65.21 3 1
github.com/runfinch/finch/e2e/e2e.go:65.21,67.3 1 0
github.com/runfinch/finch/e2e/e2e.go:69.2,70.29 2 1
github.com/runfinch/finch/e2e/e2e.go:70.29,72.17 2 0
github.com/runfinch/finch/e2e/e2e.go:72.17,74.4 1 0
github.com/runfinch/finch/e2e/e2e.go:75.3,75.65 1 0
github.com/runfinch/finch/e2e/e2e.go:78.2,79.16 2 1
github.com/runfinch/finch/e2e/e2e.go:79.16,81.3 1 0
github.com/runfinch/finch/e2e/e2e.go:82.2,82.15 1 1
github.com/runfinch/finch/e2e/e2e.go:85.56,87.16 2 0
github.com/runfinch/finch/e2e/e2e.go:87.16,89.3 1 0
github.com/runfinch/finch/e2e/e2e.go:90.2,93.41 3 0
github.com/runfinch/finch/e2e/e2e.go:93.41,95.3 1 0
github.com/runfinch/finch/e2e/e2e.go:97.2,97.24 1 0
github.com/runfinch/finch/e2e/container/container_test_other.go:13.35,15.2 1 0
